<?xml version="1.0" encoding="UTF-8"?>
<!-- Generated by org.testng.reporters.JUnitXMLReporter -->
<testsuite ignored="0" hostname="Prem_raj" failures="0" tests="6" name="Default test" time="0.131" errors="0" timestamp="2024-01-05T21:01:53 IST">
  <testcase classname="com.testingex.Testing" name="Group" time="0.006"/>
  <testcase classname="com.testingex.Testing" name="add" time="0.004"/>
  <testcase classname="com.testingex.Testing" name="test" time="0.002"/>
  <testcase classname="com.testingex.Testing" name="test" time="0.003"/>
  <testcase classname="com.testingex.Testing" name="test1" time="0.003"/>
  <testcase classname="com.testingex.Testing" name="test1" time="0.001"/>
</testsuite> <!-- Default test -->
