<?xml version="1.0" encoding="UTF-8"?>
<!-- Generated by org.testng.reporters.JUnitXMLReporter -->
<testsuite ignored="1" hostname="Prem_raj" failures="0" tests="12" name="Functional test" time="0.14" errors="0" timestamp="2024-01-05T21:49:37 IST">
  <testcase classname="com.testingex.Testing" name="Group" time="0.009"/>
  <testcase classname="com.testingex.Testing" name="add" time="0.002"/>
  <testcase classname="com.testingex.Testing" name="test" time="0.002"/>
  <testcase classname="com.testingex.Testing" name="test" time="0.001"/>
  <testcase classname="com.testingex.Testing" name="test1" time="0.001"/>
  <testcase classname="com.testingex.Testing" name="test1" time="0.003"/>
  <testcase classname="com.testingex.Testing2" name="Group" time="0.003"/>
  <testcase classname="com.testingex.Testing2" name="add" time="0.004"/>
  <testcase classname="com.testingex.Testing2" name="getParameterFromXML" time="0.001"/>
  <testcase classname="com.testingex.SkipTestExample" name="skiptestsecondmethod" time="0.001">
    <skipped/>
  </testcase> <!-- skiptestsecondmethod -->
  <testcase classname="com.testingex.Commanex" name="getdataset" time="0.002"/>
  <testcase classname="com.testingex.Commanex" name="getdataset" time="0.001"/>
  <testcase classname="com.testingex.SkipTestExample" name="skiptestfirstmethod" time="0.0">
    <ignored/>
  </testcase> <!-- skiptestfirstmethod -->
</testsuite> <!-- Functional test -->
