<?xml version="1.0" encoding="UTF-8"?>
<!-- Generated by org.testng.reporters.JUnitXMLReporter -->
<testsuite ignored="2" hostname="Prem_raj" failures="0" tests="2" name="Functional test" time="0.006" errors="0" timestamp="2024-01-05T12:51:05 IST">
  <testcase classname="com.testingex.Testing" name="Group" time="0.001"/>
  <testcase classname="com.testingex.Testing2" name="Group" time="0.001"/>
  <testcase classname="com.testingex.Testing" name="add" time="0.0">
    <ignored/>
  </testcase> <!-- add -->
  <testcase classname="com.testingex.Testing2" name="add" time="0.0">
    <ignored/>
  </testcase> <!-- add -->
</testsuite> <!-- Functional test -->
